#
# A fatal error has been detected by the Java Runtime Environment:
#
#  SIGSEGV (0xb) at pc=0x00007f1f8fd35f31, pid=12053, tid=0x00007f1f8d2b5700
#
# JRE version: OpenJDK Runtime Environment (8.0_131-b11) (build 1.8.0_131-8u131-b11-0ubuntu1.16.04.2-b11)
# Java VM: OpenJDK 64-Bit Server VM (25.131-b11 mixed mode linux-amd64 compressed oops)
# Problematic frame:
# V  [libjvm.so+0x624f31]
#
# Failed to write core dump. Core dumps have been disabled. To enable core dumping, try "ulimit -c unlimited" before starting Java again
#
# If you would like to submit a bug report, please visit:
#   http://bugreport.java.com/bugreport/crash.jsp
#

---------------  T H R E A D  ---------------

Current thread (0x00007f1f88020800):  GCTaskThread [stack: 0x00007f1f8d1b5000,0x00007f1f8d2b6000] [id=12061]

siginfo: si_signo: 11 (SIGSEGV), si_code: 1 (SEGV_MAPERR), si_addr: 0x0000000000000010

Registers:
RAX=0x00007f1f906099a0, RBX=0x00007f1f88074060, RCX=0x0000000000000003, RDX=0x00007f1f75290000
RSP=0x00007f1f8d2b4b70, RBP=0x00007f1f8d2b4be0, RSI=0x0000000000000008, RDI=0x0000000095dc8840
R8 =0x00007f1f90631260, R9 =0x0000000095dc8840, R10=0x0000000000000001, R11=0x0400000000000000
R12=0x0000000095fc880c, R13=0x0000000100060f60, R14=0x0000000095fc8804, R15=0x0000000095dc8840
RIP=0x00007f1f8fd35f31, EFLAGS=0x0000000000010202, CSGSFS=0x0000000000000033, ERR=0x0000000000000004
  TRAPNO=0x000000000000000e

Top of Stack: (sp=0x00007f1f8d2b4b70)
0x00007f1f8d2b4b70:   00007f1f8d2b4be0 00007f1f8fd30727
0x00007f1f8d2b4b80:   000000008eeea9b0 00007f1f880740a0
0x00007f1f8d2b4b90:   0000000095fc87f0 0000000100060f68
0x00007f1f8d2b4ba0:   00007f1f90631260 0000000000000004
0x00007f1f8d2b4bb0:   00007f1f88074060 00007f1f9062d56c
0x00007f1f8d2b4bc0:   00007f1f88074060 0000000000000001
0x00007f1f8d2b4bd0:   00007f1f88074060 00007f1f88074060
0x00007f1f8d2b4be0:   00007f1f8d2b4ce0 00007f1f90023997
0x00007f1f8d2b4bf0:   00007f1f88026810 0000000000000001
0x00007f1f8d2b4c00:   00007f1f880740f0 00000000000a0000
0x00007f1f8d2b4c10:   0000000000200000 00007f1f88074070
0x00007f1f8d2b4c20:   0000000000000004 00007f1f90627949
0x00007f1f8d2b4c30:   000000008eeea9b0 000000008f16a9c0
0x00007f1f8d2b4c40:   00007f1f880740f0 0000000095fc87f0
0x00007f1f8d2b4c50:   000000008eeea9b0 00007f1f0009fe00
0x00007f1f8d2b4c60:   000000008eeea9b0 00000000000a0000
0x00007f1f8d2b4c70:   0000150500000003 00007f1f8fd3075e
0x00007f1f8d2b4c80:   00007f1f8d2b4ce0 00007f1f880740a0
0x00007f1f8d2b4c90:   0000000085e1d120 0000000100060a88
0x00007f1f8d2b4ca0:   00007f1f90631260 5e8fd69430d3ea00
0x00007f1f8d2b4cb0:   00007f1f88026b10 00007f1f88074060
0x00007f1f8d2b4cc0:   0000000000000000 00007f1f8d2b4d64
0x00007f1f8d2b4cd0:   0000000000000001 00007f1f8d2b4d68
0x00007f1f8d2b4ce0:   00007f1f8d2b4e00 00007f1f900089cd
0x00007f1f8d2b4cf0:   00007f1f88026b40 00007f1f901f1608
0x00007f1f8d2b4d00:   00007f1f8d2b4d68 00007f1f8d2b4d64
0x00007f1f8d2b4d10:   000000018d2b4e00 00007f1f8d2b4d90
0x00007f1f8d2b4d20:   0000000000000008 0000000000000400
0x00007f1f8d2b4d30:   0000000000000400 00007f1f90627949
0x00007f1f8d2b4d40:   00007f1f8d2b4d70 00007f1f8d2b4d68
0x00007f1f8d2b4d50:   00007f1f88026b70 00007f1f88074060
0x00007f1f8d2b4d60:   5a0788408d2b4d30 0000000085e1d120 

Instructions: (pc=0x00007f1f8fd35f31)
0x00007f1f8fd35f11:   8d 35 f9 13 47 00 bf 03 00 00 00 e8 bf 07 10 00
0x00007f1f8fd35f21:   eb b5 e8 c8 73 bc ff 31 db e9 d1 fe ff ff 90 55
0x00007f1f8fd35f31:   8b 4e 08 48 89 f2 48 89 e5 83 f9 00 7e 11 f6 c1
0x00007f1f8fd35f41:   01 75 0e 89 c8 c1 f8 03 5d c3 0f 1f 44 00 00 75 

Register to memory mapping:

RAX=0x00007f1f906099a0: <offset 0xef89a0> in /usr/lib/jvm/java-8-openjdk-amd64/jre/lib/amd64/server/libjvm.so at 0x00007f1f8f711000
RBX=0x00007f1f88074060 is an unknown value
RCX=0x0000000000000003 is an unknown value
RDX=0x00007f1f75290000 is an unknown value
RSP=0x00007f1f8d2b4b70 is an unknown value
RBP=0x00007f1f8d2b4be0 is an unknown value
RSI=0x0000000000000008 is an unknown value
RDI=0x0000000095dc8840 is pointing into object: 0x0000000095dc8830
graph.DanglingList 
 - klass: 'graph/DanglingList'
R8 =0x00007f1f90631260: <offset 0xf20260> in /usr/lib/jvm/java-8-openjdk-amd64/jre/lib/amd64/server/libjvm.so at 0x00007f1f8f711000
R9 =0x0000000095dc8840 is pointing into object: 0x0000000095dc8830
graph.DanglingList 
 - klass: 'graph/DanglingList'
R10=0x0000000000000001 is an unknown value
R11=0x0400000000000000 is an unknown value
R12=0x0000000095fc880c is pointing into object: 0x0000000095fc87f0
graph.DanglingElement 
 - klass: 'graph/DanglingElement'
R13=0x0000000100060f60 is pointing into metadata
R14=0x0000000095fc8804 is pointing into object: 0x0000000095fc87f0
graph.DanglingElement 
 - klass: 'graph/DanglingElement'
R15=0x0000000095dc8840 is pointing into object: 0x0000000095dc8830
graph.DanglingList 
 - klass: 'graph/DanglingList'


Stack: [0x00007f1f8d1b5000,0x00007f1f8d2b6000],  sp=0x00007f1f8d2b4b70,  free space=1022k
Native frames: (J=compiled Java code, j=interpreted, Vv=VM code, C=native code)
V  [libjvm.so+0x624f31]
V  [libjvm.so+0x912997]
V  [libjvm.so+0x8f79cd]
V  [libjvm.so+0x5a5ca2]
V  [libjvm.so+0x8b2d82]


---------------  P R O C E S S  ---------------

Java Threads: ( => current thread )
  0x00007f1f880b9000 JavaThread "Service Thread" daemon [_thread_blocked, id=12071, stack(0x00007f1f5f924000,0x00007f1f5fa25000)]
  0x00007f1f880b2000 JavaThread "C1 CompilerThread2" daemon [_thread_blocked, id=12070, stack(0x00007f1f5fa25000,0x00007f1f5fb26000)]
  0x00007f1f880b0000 JavaThread "C2 CompilerThread1" daemon [_thread_blocked, id=12069, stack(0x00007f1f5fb26000,0x00007f1f5fc27000)]
  0x00007f1f880ad000 JavaThread "C2 CompilerThread0" daemon [_thread_blocked, id=12068, stack(0x00007f1f5fc27000,0x00007f1f5fd28000)]
  0x00007f1f880ab000 JavaThread "Signal Dispatcher" daemon [_thread_blocked, id=12067, stack(0x00007f1f7403c000,0x00007f1f7413d000)]
  0x00007f1f88083800 JavaThread "Finalizer" daemon [_thread_blocked, id=12066, stack(0x00007f1f7413d000,0x00007f1f7423e000)]
  0x00007f1f8807f000 JavaThread "Reference Handler" daemon [_thread_blocked, id=12065, stack(0x00007f1f7423e000,0x00007f1f7433f000)]
  0x00007f1f8800a000 JavaThread "main" [_thread_blocked, id=12055, stack(0x00007f1f91358000,0x00007f1f91459000)]

Other Threads:
  0x00007f1f88077000 VMThread [stack: 0x00007f1f7433f000,0x00007f1f74440000] [id=12064]
  0x00007f1f880bb800 WatcherThread [stack: 0x00007f1f5f823000,0x00007f1f5f924000] [id=12072]

=>0x00007f1f88020800 (exited) GCTaskThread [stack: 0x00007f1f8d1b5000,0x00007f1f8d2b6000] [id=12061]

VM state:at safepoint (normal execution)

VM Mutex/Monitor currently owned by a thread:  ([mutex/lock_event])
[0x00007f1f88006180] Threads_lock - owner thread: 0x00007f1f88077000
[0x00007f1f88006680] Heap_lock - owner thread: 0x00007f1f8800a000

Heap:
 PSYoungGen      total 566272K, used 47808K [0x00000000d7100000, 0x0000000100000000, 0x0000000100000000)
  eden space 482304K, 0% used [0x00000000d7100000,0x00000000d7100000,0x00000000f4800000)
  from space 83968K, 56% used [0x00000000fae00000,0x00000000fdcb0000,0x0000000100000000)
  to   space 94208K, 0% used [0x00000000f4800000,0x00000000f4800000,0x00000000fa400000)
 ParOldGen       total 310784K, used 309332K [0x0000000085200000, 0x0000000098180000, 0x00000000d7100000)
  object space 310784K, 99% used [0x0000000085200000,0x00000000980151f8,0x0000000098180000)
 Metaspace       used 3602K, capacity 4570K, committed 4864K, reserved 1056768K
  class space    used 391K, capacity 394K, committed 512K, reserved 1048576K

Card table byte_map: [0x00007f1f8d647000,0x00007f1f8da1f000] byte_map_base: 0x00007f1f8d21e000

Marking Bits: (ParMarkBitMap*) 0x00007f1f90631260
 Begin Bits: [0x00007f1f75290000, 0x00007f1f77148000)
 End Bits:   [0x00007f1f77148000, 0x00007f1f79000000)

Polling page: 0x00007f1f91484000

CodeCache: size=245760Kb used=2183Kb max_used=2221Kb free=243576Kb
 bounds [0x00007f1f79000000, 0x00007f1f79270000, 0x00007f1f88000000]
 total_blobs=551 nmethods=296 adapters=170
 compilation: enabled

Compilation events (10 events):
Event: 6.811 Thread 0x00007f1f880b2000  292 %     3       graph.DanglingGraph::calculateCommons @ 122 (805 bytes)
Event: 6.813 Thread 0x00007f1f880ad000  293       4       graph.DanglingList::<init> (31 bytes)
Event: 6.813 Thread 0x00007f1f880ad000 nmethod 293 0x00007f1f791cb5d0 code [0x00007f1f791cb720, 0x00007f1f791cb798]
Event: 6.821 Thread 0x00007f1f880b2000 nmethod 292% 0x00007f1f79211790 code [0x00007f1f79212100, 0x00007f1f7921a218]
Event: 6.821 Thread 0x00007f1f880b0000  294 %     4       graph.DanglingGraph::calculateCommons @ 305 (805 bytes)
Event: 6.845 Thread 0x00007f1f880ad000  295       4       java.util.HashMap::put (13 bytes)
Event: 6.857 Thread 0x00007f1f880ad000 nmethod 295 0x00007f1f791cd5d0 code [0x00007f1f791cd7a0, 0x00007f1f791cdfc8]
Event: 7.347 Thread 0x00007f1f880b0000 nmethod 294% 0x00007f1f79228250 code [0x00007f1f79228920, 0x00007f1f7922f1a0]
Event: 7.347 Thread 0x00007f1f880ad000  296 %     4       graph.DanglingGraph::calculateCommons @ 517 (805 bytes)
Event: 9.677 Thread 0x00007f1f880ad000 nmethod 296% 0x00007f1f7923d950 code [0x00007f1f7923e000, 0x00007f1f79244998]

GC Heap History (10 events):
Event: 8.045 GC heap after
Heap after GC invocations=14 (full 1):
 PSYoungGen      total 581120K, used 64480K [0x00000000d7100000, 0x0000000100000000, 0x0000000100000000)
  eden space 516608K, 0% used [0x00000000d7100000,0x00000000d7100000,0x00000000f6980000)
  from space 64512K, 99% used [0x00000000f6980000,0x00000000fa878010,0x00000000fa880000)
  to   space 83968K, 0% used [0x00000000fae00000,0x00000000fae00000,0x0000000100000000)
 ParOldGen       total 176640K, used 164222K [0x0000000085200000, 0x000000008fe80000, 0x00000000d7100000)
  object space 176640K, 92% used [0x0000000085200000,0x000000008f25fb20,0x000000008fe80000)
 Metaspace       used 3602K, capacity 4570K, committed 4864K, reserved 1056768K
  class space    used 391K, capacity 394K, committed 512K, reserved 1048576K
}
Event: 8.045 GC heap before
{Heap before GC invocations=15 (full 2):
 PSYoungGen      total 581120K, used 64480K [0x00000000d7100000, 0x0000000100000000, 0x0000000100000000)
  eden space 516608K, 0% used [0x00000000d7100000,0x00000000d7100000,0x00000000f6980000)
  from space 64512K, 99% used [0x00000000f6980000,0x00000000fa878010,0x00000000fa880000)
  to   space 83968K, 0% used [0x00000000fae00000,0x00000000fae00000,0x0000000100000000)
 ParOldGen       total 176640K, used 164222K [0x0000000085200000, 0x000000008fe80000, 0x00000000d7100000)
  object space 176640K, 92% used [0x0000000085200000,0x000000008f25fb20,0x000000008fe80000)
 Metaspace       used 3602K, capacity 4570K, committed 4864K, reserved 1056768K
  class space    used 391K, capacity 394K, committed 512K, reserved 1048576K
Event: 9.664 GC heap after
Heap after GC invocations=15 (full 2):
 PSYoungGen      total 581120K, used 48056K [0x00000000d7100000, 0x0000000100000000, 0x0000000100000000)
  eden space 516608K, 0% used [0x00000000d7100000,0x00000000d7100000,0x00000000f6980000)
  from space 64512K, 74% used [0x00000000f6980000,0x00000000f986e020,0x00000000fa880000)
  to   space 83968K, 0% used [0x00000000fae00000,0x00000000fae00000,0x0000000100000000)
 ParOldGen       total 299520K, used 176260K [0x0000000085200000, 0x0000000097680000, 0x00000000d7100000)
  object space 299520K, 58% used [0x0000000085200000,0x000000008fe211f8,0x0000000097680000)
 Metaspace       used 3602K, capacity 4570K, committed 4864K, reserved 1056768K
  class space    used 391K, capacity 394K, committed 512K, reserved 1048576K
}
Event: 10.179 GC heap before
{Heap before GC invocations=16 (full 2):
 PSYoungGen      total 581120K, used 564664K [0x00000000d7100000, 0x0000000100000000, 0x0000000100000000)
  eden space 516608K, 100% used [0x00000000d7100000,0x00000000f6980000,0x00000000f6980000)
  from space 64512K, 74% used [0x00000000f6980000,0x00000000f986e020,0x00000000fa880000)
  to   space 83968K, 0% used [0x00000000fae00000,0x00000000fae00000,0x0000000100000000)
 ParOldGen       total 299520K, used 176260K [0x0000000085200000, 0x0000000097680000, 0x00000000d7100000)
  object space 299520K, 58% used [0x0000000085200000,0x000000008fe211f8,0x0000000097680000)
 Metaspace       used 3602K, capacity 4570K, committed 4864K, reserved 1056768K
  class space    used 391K, capacity 394K, committed 512K, reserved 1048576K
Event: 10.401 GC heap after
Heap after GC invocations=16 (full 2):
 PSYoungGen      total 588800K, used 39872K [0x00000000d7100000, 0x0000000100000000, 0x0000000100000000)
  eden space 504832K, 0% used [0x00000000d7100000,0x00000000d7100000,0x00000000f5e00000)
  from space 83968K, 47% used [0x00000000fae00000,0x00000000fd4f0000,0x0000000100000000)
  to   space 81920K, 0% used [0x00000000f5e00000,0x00000000f5e00000,0x00000000fae00000)
 ParOldGen       total 299520K, used 224500K [0x0000000085200000, 0x0000000097680000, 0x00000000d7100000)
  object space 299520K, 74% used [0x0000000085200000,0x0000000092d3d1f8,0x0000000097680000)
 Metaspace       used 3602K, capacity 4570K, committed 4864K, reserved 1056768K
  class space    used 391K, capacity 394K, committed 512K, reserved 1048576K
}
Event: 10.815 GC heap before
{Heap before GC invocations=17 (full 2):
 PSYoungGen      total 588800K, used 544704K [0x00000000d7100000, 0x0000000100000000, 0x0000000100000000)
  eden space 504832K, 100% used [0x00000000d7100000,0x00000000f5e00000,0x00000000f5e00000)
  from space 83968K, 47% used [0x00000000fae00000,0x00000000fd4f0000,0x0000000100000000)
  to   space 81920K, 0% used [0x00000000f5e00000,0x00000000f5e00000,0x00000000fae00000)
 ParOldGen       total 299520K, used 224500K [0x0000000085200000, 0x0000000097680000, 0x00000000d7100000)
  object space 299520K, 74% used [0x0000000085200000,0x0000000092d3d1f8,0x0000000097680000)
 Metaspace       used 3602K, capacity 4570K, committed 4864K, reserved 1056768K
  class space    used 391K, capacity 394K, committed 512K, reserved 1048576K
Event: 10.994 GC heap after
Heap after GC invocations=17 (full 2):
 PSYoungGen      total 586752K, used 81920K [0x00000000d7100000, 0x0000000100000000, 0x0000000100000000)
  eden space 504832K, 0% used [0x00000000d7100000,0x00000000d7100000,0x00000000f5e00000)
  from space 81920K, 100% used [0x00000000f5e00000,0x00000000fae00000,0x00000000fae00000)
  to   space 83968K, 0% used [0x00000000fae00000,0x00000000fae00000,0x0000000100000000)
 ParOldGen       total 299520K, used 227188K [0x0000000085200000, 0x0000000097680000, 0x00000000d7100000)
  object space 299520K, 75% used [0x0000000085200000,0x0000000092fdd1f8,0x0000000097680000)
 Metaspace       used 3602K, capacity 4570K, committed 4864K, reserved 1056768K
  class space    used 391K, capacity 394K, committed 512K, reserved 1048576K
}
Event: 11.400 GC heap before
{Heap before GC invocations=18 (full 2):
 PSYoungGen      total 586752K, used 586752K [0x00000000d7100000, 0x0000000100000000, 0x0000000100000000)
  eden space 504832K, 100% used [0x00000000d7100000,0x00000000f5e00000,0x00000000f5e00000)
  from space 81920K, 100% used [0x00000000f5e00000,0x00000000fae00000,0x00000000fae00000)
  to   space 83968K, 0% used [0x00000000fae00000,0x00000000fae00000,0x0000000100000000)
 ParOldGen       total 299520K, used 227188K [0x0000000085200000, 0x0000000097680000, 0x00000000d7100000)
  object space 299520K, 75% used [0x0000000085200000,0x0000000092fdd1f8,0x0000000097680000)
 Metaspace       used 3602K, capacity 4570K, committed 4864K, reserved 1056768K
  class space    used 391K, capacity 394K, committed 512K, reserved 1048576K
Event: 11.691 GC heap after
Heap after GC invocations=18 (full 2):
 PSYoungGen      total 566272K, used 47808K [0x00000000d7100000, 0x0000000100000000, 0x0000000100000000)
  eden space 482304K, 0% used [0x00000000d7100000,0x00000000d7100000,0x00000000f4800000)
  from space 83968K, 56% used [0x00000000fae00000,0x00000000fdcb0000,0x0000000100000000)
  to   space 94208K, 0% used [0x00000000f4800000,0x00000000f4800000,0x00000000fa400000)
 ParOldGen       total 310784K, used 309332K [0x0000000085200000, 0x0000000098180000, 0x00000000d7100000)
  object space 310784K, 99% used [0x0000000085200000,0x00000000980151f8,0x0000000098180000)
 Metaspace       used 3602K, capacity 4570K, committed 4864K, reserved 1056768K
  class space    used 391K, capacity 394K, committed 512K, reserved 1048576K
}
Event: 11.691 GC heap before
{Heap before GC invocations=19 (full 3):
 PSYoungGen      total 566272K, used 47808K [0x00000000d7100000, 0x0000000100000000, 0x0000000100000000)
  eden space 482304K, 0% used [0x00000000d7100000,0x00000000d7100000,0x00000000f4800000)
  from space 83968K, 56% used [0x00000000fae00000,0x00000000fdcb0000,0x0000000100000000)
  to   space 94208K, 0% used [0x00000000f4800000,0x00000000f4800000,0x00000000fa400000)
 ParOldGen       total 310784K, used 309332K [0x0000000085200000, 0x0000000098180000, 0x00000000d7100000)
  object space 310784K, 99% used [0x0000000085200000,0x00000000980151f8,0x0000000098180000)
 Metaspace       used 3602K, capacity 4570K, committed 4864K, reserved 1056768K
  class space    used 391K, capacity 394K, committed 512K, reserved 1048576K

Deoptimization events (4 events):
Event: 1.332 Thread 0x00007f1f8800a000 Uncommon trap: reason=unstable_if action=reinterpret pc=0x00007f1f7915f510 method=java.lang.Integer.compare(II)I @ 11
Event: 2.323 Thread 0x00007f1f8800a000 Uncommon trap: reason=unstable_if action=reinterpret pc=0x00007f1f791d30e0 method=graph.DanglingGraph.calculateCommons(I)V @ 201
Event: 6.801 Thread 0x00007f1f8800a000 Uncommon trap: reason=unstable_if action=reinterpret pc=0x00007f1f791e6f30 method=java.util.HashMap.putVal(ILjava/lang/Object;Ljava/lang/Object;ZZ)Ljava/lang/Object; @ 181
Event: 6.801 Thread 0x00007f1f8800a000 Uncommon trap: reason=unstable_if action=reinterpret pc=0x00007f1f791c4960 method=java.util.HashMap.putVal(ILjava/lang/Object;Ljava/lang/Object;ZZ)Ljava/lang/Object; @ 181

Internal exceptions (10 events):
Event: 0.029 Thread 0x00007f1f8800a000 Exception <a 'java/lang/NoSuchMethodError': Method sun.misc.Unsafe.defineClass(Ljava/lang/String;[BII)Ljava/lang/Class; name or signature does not match> (0x00000000d7107ca8) thrown at [/build/openjdk-8-VTMhfL/openjdk-8-8u131-b11/src/hotspot/src/share/vm/
Event: 0.030 Thread 0x00007f1f8800a000 Exception <a 'java/lang/NoSuchMethodError': Method sun.misc.Unsafe.prefetchRead(Ljava/lang/Object;J)V name or signature does not match> (0x00000000d7107f90) thrown at [/build/openjdk-8-VTMhfL/openjdk-8-8u131-b11/src/hotspot/src/share/vm/prims/jni.cpp, lin
Event: 0.134 Thread 0x00007f1f8800a000 Exception <a 'java/security/PrivilegedActionException'> (0x00000000d7198dd0) thrown at [/build/openjdk-8-VTMhfL/openjdk-8-8u131-b11/src/hotspot/src/share/vm/prims/jvm.cpp, line 1390]
Event: 0.134 Thread 0x00007f1f8800a000 Exception <a 'java/security/PrivilegedActionException'> (0x00000000d71991c8) thrown at [/build/openjdk-8-VTMhfL/openjdk-8-8u131-b11/src/hotspot/src/share/vm/prims/jvm.cpp, line 1390]
Event: 0.134 Thread 0x00007f1f8800a000 Exception <a 'java/security/PrivilegedActionException'> (0x00000000d719b438) thrown at [/build/openjdk-8-VTMhfL/openjdk-8-8u131-b11/src/hotspot/src/share/vm/prims/jvm.cpp, line 1390]
Event: 0.134 Thread 0x00007f1f8800a000 Exception <a 'java/security/PrivilegedActionException'> (0x00000000d719b830) thrown at [/build/openjdk-8-VTMhfL/openjdk-8-8u131-b11/src/hotspot/src/share/vm/prims/jvm.cpp, line 1390]
Event: 0.134 Thread 0x00007f1f8800a000 Exception <a 'java/security/PrivilegedActionException'> (0x00000000d719c4f0) thrown at [/build/openjdk-8-VTMhfL/openjdk-8-8u131-b11/src/hotspot/src/share/vm/prims/jvm.cpp, line 1390]
Event: 0.134 Thread 0x00007f1f8800a000 Exception <a 'java/security/PrivilegedActionException'> (0x00000000d719c8e8) thrown at [/build/openjdk-8-VTMhfL/openjdk-8-8u131-b11/src/hotspot/src/share/vm/prims/jvm.cpp, line 1390]
Event: 0.150 Thread 0x00007f1f8800a000 Exception <a 'java/lang/NullPointerException'> (0x00000000d72552b0) thrown at [/build/openjdk-8-VTMhfL/openjdk-8-8u131-b11/src/hotspot/src/share/vm/interpreter/linkResolver.cpp, line 1197]
Event: 0.151 Thread 0x00007f1f8800a000 Exception <a 'java/lang/NullPointerException'> (0x00000000d725a078) thrown at [/build/openjdk-8-VTMhfL/openjdk-8-8u131-b11/src/hotspot/src/share/vm/interpreter/linkResolver.cpp, line 1197]

Events (10 events):
Event: 7.109 Executing VM operation: ParallelGCFailedAllocation done
Event: 7.348 Thread 0x00007f1f8800a000 DEOPT PACKING pc=0x00007f1f7920a989 sp=0x00007f1f914575c0
Event: 7.348 Thread 0x00007f1f8800a000 DEOPT UNPACKING pc=0x00007f1f79047373 sp=0x00007f1f914575a0 mode 0
Event: 7.771 Executing VM operation: ParallelGCFailedAllocation
Event: 9.664 Executing VM operation: ParallelGCFailedAllocation done
Event: 10.179 Executing VM operation: ParallelGCFailedAllocation
Event: 10.401 Executing VM operation: ParallelGCFailedAllocation done
Event: 10.815 Executing VM operation: ParallelGCFailedAllocation
Event: 10.994 Executing VM operation: ParallelGCFailedAllocation done
Event: 11.400 Executing VM operation: ParallelGCFailedAllocation


Dynamic libraries:
00400000-00401000 r-xp 00000000 08:01 19405427                           /usr/lib/jvm/java-8-openjdk-amd64/jre/bin/java
00600000-00601000 r--p 00000000 08:01 19405427                           /usr/lib/jvm/java-8-openjdk-amd64/jre/bin/java
00601000-00602000 rw-p 00001000 08:01 19405427                           /usr/lib/jvm/java-8-openjdk-amd64/jre/bin/java
01274000-01295000 rw-p 00000000 00:00 0                                  [heap]
85200000-98180000 rw-p 00000000 00:00 0 
98180000-d7100000 ---p 00000000 00:00 0 
d7100000-100000000 rw-p 00000000 00:00 0 
100000000-100080000 rw-p 00000000 00:00 0 
100080000-140000000 ---p 00000000 00:00 0 
7f1f3c000000-7f1f3c021000 rw-p 00000000 00:00 0 
7f1f3c021000-7f1f40000000 ---p 00000000 00:00 0 
7f1f40000000-7f1f40021000 rw-p 00000000 00:00 0 
7f1f40021000-7f1f44000000 ---p 00000000 00:00 0 
7f1f44000000-7f1f44cc8000 rw-p 00000000 00:00 0 
7f1f44cc8000-7f1f48000000 ---p 00000000 00:00 0 
7f1f48000000-7f1f481f4000 rw-p 00000000 00:00 0 
7f1f481f4000-7f1f4c000000 ---p 00000000 00:00 0 
7f1f4c000000-7f1f4c021000 rw-p 00000000 00:00 0 
7f1f4c021000-7f1f50000000 ---p 00000000 00:00 0 
7f1f50000000-7f1f50bd5000 rw-p 00000000 00:00 0 
7f1f50bd5000-7f1f54000000 ---p 00000000 00:00 0 
7f1f54000000-7f1f54021000 rw-p 00000000 00:00 0 
7f1f54021000-7f1f58000000 ---p 00000000 00:00 0 
7f1f58000000-7f1f58021000 rw-p 00000000 00:00 0 
7f1f58021000-7f1f5c000000 ---p 00000000 00:00 0 
7f1f5f0f7000-7f1f5f108000 r-xp 00000000 08:01 19795368                   /usr/lib/jvm/java-8-openjdk-amd64/jre/lib/amd64/libnio.so
7f1f5f108000-7f1f5f308000 ---p 00011000 08:01 19795368                   /usr/lib/jvm/java-8-openjdk-amd64/jre/lib/amd64/libnio.so
7f1f5f308000-7f1f5f309000 r--p 00011000 08:01 19795368                   /usr/lib/jvm/java-8-openjdk-amd64/jre/lib/amd64/libnio.so
7f1f5f309000-7f1f5f30a000 rw-p 00012000 08:01 19795368                   /usr/lib/jvm/java-8-openjdk-amd64/jre/lib/amd64/libnio.so
7f1f5f30a000-7f1f5f60b000 rw-p 00000000 00:00 0 
7f1f5f60b000-7f1f5f622000 r-xp 00000000 08:01 19795293                   /usr/lib/jvm/java-8-openjdk-amd64/jre/lib/amd64/libnet.so
7f1f5f622000-7f1f5f821000 ---p 00017000 08:01 19795293                   /usr/lib/jvm/java-8-openjdk-amd64/jre/lib/amd64/libnet.so
7f1f5f821000-7f1f5f822000 r--p 00016000 08:01 19795293                   /usr/lib/jvm/java-8-openjdk-amd64/jre/lib/amd64/libnet.so
7f1f5f822000-7f1f5f823000 rw-p 00017000 08:01 19795293                   /usr/lib/jvm/java-8-openjdk-amd64/jre/lib/amd64/libnet.so
7f1f5f823000-7f1f5f824000 ---p 00000000 00:00 0 
7f1f5f824000-7f1f5f924000 rw-p 00000000 00:00 0 
7f1f5f924000-7f1f5f927000 ---p 00000000 00:00 0 
7f1f5f927000-7f1f5fa25000 rw-p 00000000 00:00 0 
7f1f5fa25000-7f1f5fa28000 ---p 00000000 00:00 0 
7f1f5fa28000-7f1f5fb26000 rw-p 00000000 00:00 0 
7f1f5fb26000-7f1f5fb29000 ---p 00000000 00:00 0 
7f1f5fb29000-7f1f5fc27000 rw-p 00000000 00:00 0 
7f1f5fc27000-7f1f5fc2a000 ---p 00000000 00:00 0 
7f1f5fc2a000-7f1f5fd28000 rw-p 00000000 00:00 0 
7f1f5fd28000-7f1f60000000 r--p 00000000 08:01 15094451                   /usr/lib/locale/locale-archive
7f1f60000000-7f1f60021000 rw-p 00000000 00:00 0 
7f1f60021000-7f1f64000000 ---p 00000000 00:00 0 
7f1f64000000-7f1f64021000 rw-p 00000000 00:00 0 
7f1f64021000-7f1f68000000 ---p 00000000 00:00 0 
7f1f68000000-7f1f68021000 rw-p 00000000 00:00 0 
7f1f68021000-7f1f6c000000 ---p 00000000 00:00 0 
7f1f6c000000-7f1f6c13e000 rw-p 00000000 00:00 0 
7f1f6c13e000-7f1f70000000 ---p 00000000 00:00 0 
7f1f70000000-7f1f700c8000 rw-p 00000000 00:00 0 
7f1f700c8000-7f1f74000000 ---p 00000000 00:00 0 
7f1f74006000-7f1f74021000 r--s 00394000 08:01 20713981                   /usr/lib/jvm/java-8-openjdk-amd64/jre/lib/ext/cldrdata.jar
7f1f74021000-7f1f7403c000 r--s 001d6000 08:01 20713983                   /usr/lib/jvm/java-8-openjdk-amd64/jre/lib/ext/nashorn.jar
7f1f7403c000-7f1f7403f000 ---p 00000000 00:00 0 
7f1f7403f000-7f1f7413d000 rw-p 00000000 00:00 0 
7f1f7413d000-7f1f74140000 ---p 00000000 00:00 0 
7f1f74140000-7f1f7423e000 rw-p 00000000 00:00 0 
7f1f7423e000-7f1f74241000 ---p 00000000 00:00 0 
7f1f74241000-7f1f7433f000 rw-p 00000000 00:00 0 
7f1f7433f000-7f1f74340000 ---p 00000000 00:00 0 
7f1f74340000-7f1f79000000 rw-p 00000000 00:00 0 
7f1f79000000-7f1f79270000 rwxp 00000000 00:00 0 
7f1f79270000-7f1f88000000 ---p 00000000 00:00 0 
7f1f88000000-7f1f88180000 rw-p 00000000 00:00 0 
7f1f88180000-7f1f8c000000 ---p 00000000 00:00 0 
7f1f8c007000-7f1f8c197000 rw-p 00000000 00:00 0 
7f1f8c197000-7f1f8c366000 r--s 03c07000 08:01 19535747                   /usr/lib/jvm/java-8-openjdk-amd64/jre/lib/rt.jar
7f1f8c366000-7f1f8c81c000 rw-p 00000000 00:00 0 
7f1f8c81c000-7f1f8cbdc000 ---p 00000000 00:00 0 
7f1f8cbdc000-7f1f8cfb3000 rw-p 00000000 00:00 0 
7f1f8cfb3000-7f1f8cfb4000 ---p 00000000 00:00 0 
7f1f8cfb4000-7f1f8d0b4000 rw-p 00000000 00:00 0 
7f1f8d0b4000-7f1f8d0b5000 ---p 00000000 00:00 0 
7f1f8d0b5000-7f1f8d1b5000 rw-p 00000000 00:00 0 
7f1f8d1b5000-7f1f8d1b6000 ---p 00000000 00:00 0 
7f1f8d1b6000-7f1f8d2b6000 rw-p 00000000 00:00 0 
7f1f8d2b6000-7f1f8d2b7000 ---p 00000000 00:00 0 
7f1f8d2b7000-7f1f8d44f000 rw-p 00000000 00:00 0 
7f1f8d44f000-7f1f8d647000 ---p 00000000 00:00 0 
7f1f8d647000-7f1f8d6df000 rw-p 00000000 00:00 0 
7f1f8d6df000-7f1f8d8d6000 ---p 00000000 00:00 0 
7f1f8d8d6000-7f1f8da1e000 rw-p 00000000 00:00 0 
7f1f8da1e000-7f1f8da29000 rw-p 00000000 00:00 0 
7f1f8da29000-7f1f8dddf000 ---p 00000000 00:00 0 
7f1f8dddf000-7f1f8dde7000 r-xp 00000000 08:01 19795286                   /usr/lib/jvm/java-8-openjdk-amd64/jre/lib/amd64/libzip.so
7f1f8dde7000-7f1f8dfe6000 ---p 00008000 08:01 19795286                   /usr/lib/jvm/java-8-openjdk-amd64/jre/lib/amd64/libzip.so
7f1f8dfe6000-7f1f8dfe7000 r--p 00007000 08:01 19795286                   /usr/lib/jvm/java-8-openjdk-amd64/jre/lib/amd64/libzip.so
7f1f8dfe7000-7f1f8dfe8000 rw-p 00008000 08:01 19795286                   /usr/lib/jvm/java-8-openjdk-amd64/jre/lib/amd64/libzip.so
7f1f8dfe8000-7f1f8dff3000 r-xp 00000000 08:01 19400595                   /lib/x86_64-linux-gnu/libnss_files-2.23.so
7f1f8dff3000-7f1f8e1f2000 ---p 0000b000 08:01 19400595                   /lib/x86_64-linux-gnu/libnss_files-2.23.so
7f1f8e1f2000-7f1f8e1f3000 r--p 0000a000 08:01 19400595                   /lib/x86_64-linux-gnu/libnss_files-2.23.so
7f1f8e1f3000-7f1f8e1f4000 rw-p 0000b000 08:01 19400595                   /lib/x86_64-linux-gnu/libnss_files-2.23.so
7f1f8e1f4000-7f1f8e1fa000 rw-p 00000000 00:00 0 
7f1f8e1fa000-7f1f8e205000 r-xp 00000000 08:01 19402305                   /lib/x86_64-linux-gnu/libnss_nis-2.23.so
7f1f8e205000-7f1f8e404000 ---p 0000b000 08:01 19402305                   /lib/x86_64-linux-gnu/libnss_nis-2.23.so
7f1f8e404000-7f1f8e405000 r--p 0000a000 08:01 19402305                   /lib/x86_64-linux-gnu/libnss_nis-2.23.so
7f1f8e405000-7f1f8e406000 rw-p 0000b000 08:01 19402305                   /lib/x86_64-linux-gnu/libnss_nis-2.23.so
7f1f8e406000-7f1f8e41c000 r-xp 00000000 08:01 19398660                   /lib/x86_64-linux-gnu/libnsl-2.23.so
7f1f8e41c000-7f1f8e61b000 ---p 00016000 08:01 19398660                   /lib/x86_64-linux-gnu/libnsl-2.23.so
7f1f8e61b000-7f1f8e61c000 r--p 00015000 08:01 19398660                   /lib/x86_64-linux-gnu/libnsl-2.23.so
7f1f8e61c000-7f1f8e61d000 rw-p 00016000 08:01 19398660                   /lib/x86_64-linux-gnu/libnsl-2.23.so
7f1f8e61d000-7f1f8e61f000 rw-p 00000000 00:00 0 
7f1f8e61f000-7f1f8e627000 r-xp 00000000 08:01 19402312                   /lib/x86_64-linux-gnu/libnss_compat-2.23.so
7f1f8e627000-7f1f8e826000 ---p 00008000 08:01 19402312                   /lib/x86_64-linux-gnu/libnss_compat-2.23.so
7f1f8e826000-7f1f8e827000 r--p 00007000 08:01 19402312                   /lib/x86_64-linux-gnu/libnss_compat-2.23.so
7f1f8e827000-7f1f8e828000 rw-p 00008000 08:01 19402312                   /lib/x86_64-linux-gnu/libnss_compat-2.23.so
7f1f8e828000-7f1f8e855000 r-xp 00000000 08:01 19795281                   /usr/lib/jvm/java-8-openjdk-amd64/jre/lib/amd64/libjava.so
7f1f8e855000-7f1f8ea54000 ---p 0002d000 08:01 19795281                   /usr/lib/jvm/java-8-openjdk-amd64/jre/lib/amd64/libjava.so
7f1f8ea54000-7f1f8ea55000 r--p 0002c000 08:01 19795281                   /usr/lib/jvm/java-8-openjdk-amd64/jre/lib/amd64/libjava.so
7f1f8ea55000-7f1f8ea57000 rw-p 0002d000 08:01 19795281                   /usr/lib/jvm/java-8-openjdk-amd64/jre/lib/amd64/libjava.so
7f1f8ea57000-7f1f8ea66000 r-xp 00000000 08:01 19795278                   /usr/lib/jvm/java-8-openjdk-amd64/jre/lib/amd64/libverify.so
7f1f8ea66000-7f1f8ec65000 ---p 0000f000 08:01 19795278                   /usr/lib/jvm/java-8-openjdk-amd64/jre/lib/amd64/libverify.so
7f1f8ec65000-7f1f8ec67000 r--p 0000e000 08:01 19795278                   /usr/lib/jvm/java-8-openjdk-amd64/jre/lib/amd64/libverify.so
7f1f8ec67000-7f1f8ec68000 rw-p 00010000 08:01 19795278                   /usr/lib/jvm/java-8-openjdk-amd64/jre/lib/amd64/libverify.so
7f1f8ec68000-7f1f8ec6f000 r-xp 00000000 08:01 19402307                   /lib/x86_64-linux-gnu/librt-2.23.so
7f1f8ec6f000-7f1f8ee6e000 ---p 00007000 08:01 19402307                   /lib/x86_64-linux-gnu/librt-2.23.so
7f1f8ee6e000-7f1f8ee6f000 r--p 00006000 08:01 19402307                   /lib/x86_64-linux-gnu/librt-2.23.so
7f1f8ee6f000-7f1f8ee70000 rw-p 00007000 08:01 19402307                   /lib/x86_64-linux-gnu/librt-2.23.so
7f1f8ee70000-7f1f8ee86000 r-xp 00000000 08:01 19406293                   /lib/x86_64-linux-gnu/libgcc_s.so.1
7f1f8ee86000-7f1f8f085000 ---p 00016000 08:01 19406293                   /lib/x86_64-linux-gnu/libgcc_s.so.1
7f1f8f085000-7f1f8f086000 rw-p 00015000 08:01 19406293                   /lib/x86_64-linux-gnu/libgcc_s.so.1
7f1f8f086000-7f1f8f18e000 r-xp 00000000 08:01 19404431                   /lib/x86_64-linux-gnu/libm-2.23.so
7f1f8f18e000-7f1f8f38d000 ---p 00108000 08:01 19404431                   /lib/x86_64-linux-gnu/libm-2.23.so
7f1f8f38d000-7f1f8f38e000 r--p 00107000 08:01 19404431                   /lib/x86_64-linux-gnu/libm-2.23.so
7f1f8f38e000-7f1f8f38f000 rw-p 00108000 08:01 19404431                   /lib/x86_64-linux-gnu/libm-2.23.so
7f1f8f38f000-7f1f8f501000 r-xp 00000000 08:01 15078266                   /usr/lib/x86_64-linux-gnu/libstdc++.so.6.0.21
7f1f8f501000-7f1f8f701000 ---p 00172000 08:01 15078266                   /usr/lib/x86_64-linux-gnu/libstdc++.so.6.0.21
7f1f8f701000-7f1f8f70b000 r--p 00172000 08:01 15078266                   /usr/lib/x86_64-linux-gnu/libstdc++.so.6.0.21
7f1f8f70b000-7f1f8f70d000 rw-p 0017c000 08:01 15078266                   /usr/lib/x86_64-linux-gnu/libstdc++.so.6.0.21
7f1f8f70d000-7f1f8f711000 rw-p 00000000 00:00 0 
7f1f8f711000-7f1f90362000 r-xp 00000000 08:01 19928218                   /usr/lib/jvm/java-8-openjdk-amd64/jre/lib/amd64/server/libjvm.so
7f1f90362000-7f1f90562000 ---p 00c51000 08:01 19928218                   /usr/lib/jvm/java-8-openjdk-amd64/jre/lib/amd64/server/libjvm.so
7f1f90562000-7f1f905f5000 r--p 00c51000 08:01 19928218                   /usr/lib/jvm/java-8-openjdk-amd64/jre/lib/amd64/server/libjvm.so
7f1f905f5000-7f1f9061e000 rw-p 00ce4000 08:01 19928218                   /usr/lib/jvm/java-8-openjdk-amd64/jre/lib/amd64/server/libjvm.so
7f1f9061e000-7f1f9064e000 rw-p 00000000 00:00 0 
7f1f9064e000-7f1f90666000 r-xp 00000000 08:01 19402302                   /lib/x86_64-linux-gnu/libpthread-2.23.so
7f1f90666000-7f1f90865000 ---p 00018000 08:01 19402302                   /lib/x86_64-linux-gnu/libpthread-2.23.so
7f1f90865000-7f1f90866000 r--p 00017000 08:01 19402302                   /lib/x86_64-linux-gnu/libpthread-2.23.so
7f1f90866000-7f1f90867000 rw-p 00018000 08:01 19402302                   /lib/x86_64-linux-gnu/libpthread-2.23.so
7f1f90867000-7f1f9086b000 rw-p 00000000 00:00 0 
7f1f9086b000-7f1f9086e000 r-xp 00000000 08:01 19402311                   /lib/x86_64-linux-gnu/libdl-2.23.so
7f1f9086e000-7f1f90a6d000 ---p 00003000 08:01 19402311                   /lib/x86_64-linux-gnu/libdl-2.23.so
7f1f90a6d000-7f1f90a6e000 r--p 00002000 08:01 19402311                   /lib/x86_64-linux-gnu/libdl-2.23.so
7f1f90a6e000-7f1f90a6f000 rw-p 00003000 08:01 19402311                   /lib/x86_64-linux-gnu/libdl-2.23.so
7f1f90a6f000-7f1f90a88000 r-xp 00000000 08:01 19402575                   /lib/x86_64-linux-gnu/libz.so.1.2.8
7f1f90a88000-7f1f90c87000 ---p 00019000 08:01 19402575                   /lib/x86_64-linux-gnu/libz.so.1.2.8
7f1f90c87000-7f1f90c88000 r--p 00018000 08:01 19402575                   /lib/x86_64-linux-gnu/libz.so.1.2.8
7f1f90c88000-7f1f90c89000 rw-p 00019000 08:01 19402575                   /lib/x86_64-linux-gnu/libz.so.1.2.8
7f1f90c89000-7f1f90e49000 r-xp 00000000 08:01 19404665                   /lib/x86_64-linux-gnu/libc-2.23.so
7f1f90e49000-7f1f91049000 ---p 001c0000 08:01 19404665                   /lib/x86_64-linux-gnu/libc-2.23.so
7f1f91049000-7f1f9104d000 r--p 001c0000 08:01 19404665                   /lib/x86_64-linux-gnu/libc-2.23.so
7f1f9104d000-7f1f9104f000 rw-p 001c4000 08:01 19404665                   /lib/x86_64-linux-gnu/libc-2.23.so
7f1f9104f000-7f1f91053000 rw-p 00000000 00:00 0 
7f1f91053000-7f1f91060000 r-xp 00000000 08:01 20059553                   /usr/lib/jvm/java-8-openjdk-amd64/jre/lib/amd64/jli/libjli.so
7f1f91060000-7f1f91260000 ---p 0000d000 08:01 20059553                   /usr/lib/jvm/java-8-openjdk-amd64/jre/lib/amd64/jli/libjli.so
7f1f91260000-7f1f91261000 r--p 0000d000 08:01 20059553                   /usr/lib/jvm/java-8-openjdk-amd64/jre/lib/amd64/jli/libjli.so
7f1f91261000-7f1f91262000 rw-p 0000e000 08:01 20059553                   /usr/lib/jvm/java-8-openjdk-amd64/jre/lib/amd64/jli/libjli.so
7f1f91262000-7f1f91288000 r-xp 00000000 08:01 19398668                   /lib/x86_64-linux-gnu/ld-2.23.so
7f1f9128d000-7f1f91358000 rw-p 00000000 00:00 0 
7f1f91358000-7f1f9135b000 ---p 00000000 00:00 0 
7f1f9135b000-7f1f9145e000 rw-p 00000000 00:00 0 
7f1f9145f000-7f1f91462000 r--s 0000f000 08:01 20713980                   /usr/lib/jvm/java-8-openjdk-amd64/jre/lib/ext/icedtea-sound.jar
7f1f91462000-7f1f91464000 r--s 00001000 08:01 20713974                   /usr/lib/jvm/java-8-openjdk-amd64/jre/lib/ext/dnsns.jar
7f1f91464000-7f1f91465000 r--s 0000a000 08:01 20713975                   /usr/lib/jvm/java-8-openjdk-amd64/jre/lib/ext/jaccess.jar
7f1f91465000-7f1f9146a000 r--s 0003b000 08:01 20713979                   /usr/lib/jvm/java-8-openjdk-amd64/jre/lib/ext/sunjce_provider.jar
7f1f9146a000-7f1f91474000 r--s 00116000 08:01 20713982                   /usr/lib/jvm/java-8-openjdk-amd64/jre/lib/ext/localedata.jar
7f1f91474000-7f1f91476000 r--s 00008000 08:01 20713978                   /usr/lib/jvm/java-8-openjdk-amd64/jre/lib/ext/sunec.jar
7f1f91476000-7f1f91477000 r--s 00010000 08:01 20713977                   /usr/lib/jvm/java-8-openjdk-amd64/jre/lib/ext/zipfs.jar
7f1f91477000-7f1f9147b000 r--s 00037000 08:01 20713976                   /usr/lib/jvm/java-8-openjdk-amd64/jre/lib/ext/sunpkcs11.jar
7f1f9147b000-7f1f91483000 rw-s 00000000 08:01 8782058                    /tmp/hsperfdata_imelcken/12053
7f1f91483000-7f1f91484000 rw-p 00000000 00:00 0 
7f1f91484000-7f1f91485000 ---p 00000000 00:00 0 
7f1f91485000-7f1f91487000 rw-p 00000000 00:00 0 
7f1f91487000-7f1f91488000 r--p 00025000 08:01 19398668                   /lib/x86_64-linux-gnu/ld-2.23.so
7f1f91488000-7f1f91489000 rw-p 00026000 08:01 19398668                   /lib/x86_64-linux-gnu/ld-2.23.so
7f1f91489000-7f1f9148a000 rw-p 00000000 00:00 0 
7ffd42221000-7ffd42342000 rw-p 00000000 00:00 0                          [stack]
7ffd423d2000-7ffd423d4000 r--p 00000000 00:00 0                          [vvar]
7ffd423d4000-7ffd423d6000 r-xp 00000000 00:00 0                          [vdso]
ffffffffff600000-ffffffffff601000 r-xp 00000000 00:00 0                  [vsyscall]

VM Arguments:
jvm_args: -ea -Dfile.encoding=UTF-8 
java_command: codegenerating.Test
java_class_path (initial): /home/imelcken/workspace/jesse/target/classes
Launcher Type: SUN_STANDARD

Environment Variables:
JAVA_HOME=/usr/lib/jvm/jdk1.8.0
PATH=/home/imelcken/bin:/opt/OpenPrinting-Gutenprint/sbin:/opt/OpenPrinting-Gutenprint/bin:/usr/local/sbin:/usr/local/bin:/usr/sbin:/usr/bin:/sbin:/bin:/usr/games:/usr/local/games:/home/imelcken/bin:/usr/lib/jvm/jdk1.8.0/bin
SHELL=/bin/bash
DISPLAY=:0

Signal Handlers:
SIGSEGV: [libjvm.so+0xa67f40], sa_mask[0]=11111111011111111101111111111110, sa_flags=SA_RESTART|SA_SIGINFO
SIGBUS: [libjvm.so+0xa67f40], sa_mask[0]=11111111011111111101111111111110, sa_flags=SA_RESTART|SA_SIGINFO
SIGFPE: [libjvm.so+0x8b0ec0], sa_mask[0]=11111111011111111101111111111110, sa_flags=SA_RESTART|SA_SIGINFO
SIGPIPE: [libjvm.so+0x8b0ec0], sa_mask[0]=11111111011111111101111111111110, sa_flags=SA_RESTART|SA_SIGINFO
SIGXFSZ: [libjvm.so+0x8b0ec0], sa_mask[0]=11111111011111111101111111111110, sa_flags=SA_RESTART|SA_SIGINFO
SIGILL: [libjvm.so+0x8b0ec0], sa_mask[0]=11111111011111111101111111111110, sa_flags=SA_RESTART|SA_SIGINFO
SIGUSR1: SIG_DFL, sa_mask[0]=00000000000000000000000000000000, sa_flags=none
SIGUSR2: [libjvm.so+0x8b0d70], sa_mask[0]=00100000000000000000000000000000, sa_flags=SA_RESTART|SA_SIGINFO
SIGHUP: [libjvm.so+0x8b1240], sa_mask[0]=11111111011111111101111111111110, sa_flags=SA_RESTART|SA_SIGINFO
SIGINT: [libjvm.so+0x8b1240], sa_mask[0]=11111111011111111101111111111110, sa_flags=SA_RESTART|SA_SIGINFO
SIGTERM: [libjvm.so+0x8b1240], sa_mask[0]=11111111011111111101111111111110, sa_flags=SA_RESTART|SA_SIGINFO
SIGQUIT: [libjvm.so+0x8b1240], sa_mask[0]=11111111011111111101111111111110, sa_flags=SA_RESTART|SA_SIGINFO


---------------  S Y S T E M  ---------------

OS:DISTRIB_ID=Ubuntu
DISTRIB_RELEASE=16.04
DISTRIB_CODENAME=xenial
DISTRIB_DESCRIPTION="Ubuntu 16.04.2 LTS"

uname:Linux 4.4.0-81-generic #104-Ubuntu SMP Wed Jun 14 08:17:06 UTC 2017 x86_64
libc:glibc 2.23 NPTL 2.23 
rlimit: STACK 8192k, CORE 0k, NPROC 31268, NOFILE 65536, AS infinity
load average:2.30 1.76 1.36

/proc/meminfo:
MemTotal:        8045404 kB
MemFree:          209304 kB
MemAvailable:    2142288 kB
Buffers:          513404 kB
Cached:          2162300 kB
SwapCached:            0 kB
Active:          5347900 kB
Inactive:        2045444 kB
Active(anon):    4362404 kB
Inactive(anon):  1083724 kB
Active(file):     985496 kB
Inactive(file):   961720 kB
Unevictable:          48 kB
Mlocked:              48 kB
SwapTotal:       8256508 kB
SwapFree:        8253440 kB
Dirty:               812 kB
Writeback:             0 kB
AnonPages:       4717632 kB
Mapped:           638920 kB
Shmem:            728648 kB
Slab:             329460 kB
SReclaimable:     289520 kB
SUnreclaim:        39940 kB
KernelStack:       11440 kB
PageTables:        50468 kB
NFS_Unstable:          0 kB
Bounce:                0 kB
WritebackTmp:          0 kB
CommitLimit:    12279208 kB
Committed_AS:   10377396 kB
VmallocTotal:   34359738367 kB
VmallocUsed:           0 kB
VmallocChunk:          0 kB
HardwareCorrupted:     0 kB
AnonHugePages:   2398208 kB
CmaTotal:              0 kB
CmaFree:               0 kB
HugePages_Total:       0
HugePages_Free:        0
HugePages_Rsvd:        0
HugePages_Surp:        0
Hugepagesize:       2048 kB
DirectMap4k:      189908 kB
DirectMap2M:     8069120 kB


CPU:total 4 (initial active 4) (2 cores per cpu, 2 threads per core) family 6 model 58 stepping 9, cmov, cx8, fxsr, mmx, sse, sse2, sse3, ssse3, sse4.1, sse4.2, popcnt, avx, aes, clmul, erms, ht, tsc, tscinvbit, tscinv

/proc/cpuinfo:
processor	: 0
vendor_id	: GenuineIntel
cpu family	: 6
model		: 58
model name	: Intel(R) Core(TM) i5-3230M CPU @ 2.60GHz
stepping	: 9
microcode	: 0x15
cpu MHz		: 2999.953
cache size	: 3072 KB
physical id	: 0
siblings	: 4
core id		: 0
cpu cores	: 2
apicid		: 0
initial apicid	: 0
fpu		: yes
fpu_exception	: yes
cpuid level	: 13
wp		: yes
flags		: fpu vme de pse tsc msr pae mce cx8 apic sep mtrr pge mca cmov pat pse36 clflush dts acpi mmx fxsr sse sse2 ss ht tm pbe syscall nx rdtscp lm constant_tsc arch_perfmon pebs bts rep_good nopl xtopology nonstop_tsc aperfmperf eagerfpu pni pclmulqdq dtes64 monitor ds_cpl vmx est tm2 ssse3 cx16 xtpr pdcm pcid sse4_1 sse4_2 x2apic popcnt tsc_deadline_timer aes xsave avx f16c rdrand lahf_lm epb tpr_shadow vnmi flexpriority ept vpid fsgsbase smep erms xsaveopt dtherm ida arat pln pts
bugs		:
bogomips	: 5182.90
clflush size	: 64
cache_alignment	: 64
address sizes	: 36 bits physical, 48 bits virtual
power management:

processor	: 1
vendor_id	: GenuineIntel
cpu family	: 6
model		: 58
model name	: Intel(R) Core(TM) i5-3230M CPU @ 2.60GHz
stepping	: 9
microcode	: 0x15
cpu MHz		: 2999.953
cache size	: 3072 KB
physical id	: 0
siblings	: 4
core id		: 1
cpu cores	: 2
apicid		: 2
initial apicid	: 2
fpu		: yes
fpu_exception	: yes
cpuid level	: 13
wp		: yes
flags		: fpu vme de pse tsc msr pae mce cx8 apic sep mtrr pge mca cmov pat pse36 clflush dts acpi mmx fxsr sse sse2 ss ht tm pbe syscall nx rdtscp lm constant_tsc arch_perfmon pebs bts rep_good nopl xtopology nonstop_tsc aperfmperf eagerfpu pni pclmulqdq dtes64 monitor ds_cpl vmx est tm2 ssse3 cx16 xtpr pdcm pcid sse4_1 sse4_2 x2apic popcnt tsc_deadline_timer aes xsave avx f16c rdrand lahf_lm epb tpr_shadow vnmi flexpriority ept vpid fsgsbase smep erms xsaveopt dtherm ida arat pln pts
bugs		:
bogomips	: 5182.90
clflush size	: 64
cache_alignment	: 64
address sizes	: 36 bits physical, 48 bits virtual
power management:

processor	: 2
vendor_id	: GenuineIntel
cpu family	: 6
model		: 58
model name	: Intel(R) Core(TM) i5-3230M CPU @ 2.60GHz
stepping	: 9
microcode	: 0x15
cpu MHz		: 2999.953
cache size	: 3072 KB
physical id	: 0
siblings	: 4
core id		: 0
cpu cores	: 2
apicid		: 1
initial apicid	: 1
fpu		: yes
fpu_exception	: yes
cpuid level	: 13
wp		: yes
flags		: fpu vme de pse tsc msr pae mce cx8 apic sep mtrr pge mca cmov pat pse36 clflush dts acpi mmx fxsr sse sse2 ss ht tm pbe syscall nx rdtscp lm constant_tsc arch_perfmon pebs bts rep_good nopl xtopology nonstop_tsc aperfmperf eagerfpu pni pclmulqdq dtes64 monitor ds_cpl vmx est tm2 ssse3 cx16 xtpr pdcm pcid sse4_1 sse4_2 x2apic popcnt tsc_deadline_timer aes xsave avx f16c rdrand lahf_lm epb tpr_shadow vnmi flexpriority ept vpid fsgsbase smep erms xsaveopt dtherm ida arat pln pts
bugs		:
bogomips	: 5182.90
clflush size	: 64
cache_alignment	: 64
address sizes	: 36 bits physical, 48 bits virtual
power management:

processor	: 3
vendor_id	: GenuineIntel
cpu family	: 6
model		: 58
model name	: Intel(R) Core(TM) i5-3230M CPU @ 2.60GHz
stepping	: 9
microcode	: 0x15
cpu MHz		: 2999.953
cache size	: 3072 KB
physical id	: 0
siblings	: 4
core id		: 1
cpu cores	: 2
apicid		: 3
initial apicid	: 3
fpu		: yes
fpu_exception	: yes
cpuid level	: 13
wp		: yes
flags		: fpu vme de pse tsc msr pae mce cx8 apic sep mtrr pge mca cmov pat pse36 clflush dts acpi mmx fxsr sse sse2 ss ht tm pbe syscall nx rdtscp lm constant_tsc arch_perfmon pebs bts rep_good nopl xtopology nonstop_tsc aperfmperf eagerfpu pni pclmulqdq dtes64 monitor ds_cpl vmx est tm2 ssse3 cx16 xtpr pdcm pcid sse4_1 sse4_2 x2apic popcnt tsc_deadline_timer aes xsave avx f16c rdrand lahf_lm epb tpr_shadow vnmi flexpriority ept vpid fsgsbase smep erms xsaveopt dtherm ida arat pln pts
bugs		:
bogomips	: 5182.90
clflush size	: 64
cache_alignment	: 64
address sizes	: 36 bits physical, 48 bits virtual
power management:



Memory: 4k page, physical 8045404k(209304k free), swap 8256508k(8253440k free)

vm_info: OpenJDK 64-Bit Server VM (25.131-b11) for linux-amd64 JRE (1.8.0_131-8u131-b11-0ubuntu1.16.04.2-b11), built on May  6 2017 02:45:27 by "buildd" with gcc 5.4.0 20160609

time: Thu Jun 22 13:25:22 2017
elapsed time: 12 seconds (0d 0h 0m 12s)

